2025-07-08 19:31:59 info: Congratulations, your extension "Embold" is now active!
2025-07-08 19:31:59 info: ************* init ****************
2025-07-08 19:31:59 info: tempDirectory : /Users/nilesh/.vscode/extensions/embold-vscode.embold-0.3.1/temp
2025-07-08 19:32:00 error: SQLITE_ERROR: no such table: issues
2025-07-08 19:32:00 error: SQLITE_ERROR: no such table: issues
2025-07-08 19:32:00 info: Extraction complete for source: /Users/nilesh/.vscode/extensions/embold-vscode.embold-0.3.1/resources/embold-scanner-archive.zip, destination: /Users/nilesh/.vscode/extensions/embold-vscode.embold-0.3.1/temp
2025-07-08 19:32:00 info: Extension installed on machine OS : darwin
2025-07-08 19:32:00 info: Fetched the issues from DB
2025-07-08 19:32:00 info: Java version installed on machine : 
java version "18.0.2.1" 2022-08-18
Java(TM) SE Runtime Environment (build 18.0.2.1+1-1)
Java HotSpot(TM) 64-Bit Server VM (build 18.0.2.1+1-1, mixed mode, sharing)

2025-07-08 19:32:00 info: Java installed on machine.
2025-07-08 19:32:00 info: Embold extension version response:{"hasSupport":false,"version":"0.2.1","changeNotes":"<div> <p>Release Date: 30 Apr, 2025 <br><span>Bug fixes and improvements.</span></p> </div>"}
2025-07-08 19:32:00 info: Current installed embold extension version : 0.3.1
2025-07-08 19:32:00 info: Latest embold extension version on marketplace : 0.2.1
2025-07-08 19:32:00 info: Current extension version: 0.3.1
2025-07-08 19:32:00 info: Stored extension version: 0.3.1
2025-07-08 19:32:00 info: No new installation or upgrade detected. Skipping plugin activation tracking.
2025-07-08 19:41:29 info: Row(s) deleted
2025-07-08 19:41:29 info: Row(s) deleted
2025-07-08 19:41:32 info: Row(s) deleted
2025-07-08 19:41:32 info: Row(s) deleted
2025-07-08 19:41:32 info: Row(s) deleted
2025-07-08 19:41:32 info: Row(s) deleted
2025-07-08 19:41:32 info: Row(s) deleted
2025-07-08 19:41:32 info: Row(s) deleted
2025-07-08 19:41:32 info: Row(s) deleted
2025-07-08 19:41:32 info: Row(s) deleted
2025-07-08 19:41:32 info: Row(s) deleted
2025-07-08 19:41:32 info: Row(s) deleted
2025-07-08 19:41:38 info: Row(s) deleted
2025-07-08 20:26:41 info: Congratulations, your extension "Embold" is now active!
2025-07-08 20:26:41 info: ************* init ****************
2025-07-08 20:26:41 info: tempDirectory : /Users/nilesh/.vscode/extensions/embold-vscode.embold-0.3.1/temp
2025-07-08 20:26:41 info: Row(s) deleted
2025-07-08 20:26:41 info: Row(s) deleted
2025-07-08 20:26:41 info: Extraction complete for source: /Users/nilesh/.vscode/extensions/embold-vscode.embold-0.3.1/resources/embold-scanner-archive.zip, destination: /Users/nilesh/.vscode/extensions/embold-vscode.embold-0.3.1/temp
2025-07-08 20:26:41 info: Extension installed on machine OS : darwin
2025-07-08 20:26:41 info: Fetched the issues from DB
2025-07-08 20:26:42 info: Embold extension version response:{"hasSupport":false,"version":"0.2.1","changeNotes":"<div> <p>Release Date: 30 Apr, 2025 <br><span>Bug fixes and improvements.</span></p> </div>"}
2025-07-08 20:26:42 info: Current installed embold extension version : 0.3.1
2025-07-08 20:26:42 info: Latest embold extension version on marketplace : 0.2.1
2025-07-08 20:26:42 info: Current extension version: 0.3.1
2025-07-08 20:26:42 info: Stored extension version: 0.3.1
2025-07-08 20:26:42 info: No new installation or upgrade detected. Skipping plugin activation tracking.
2025-07-08 20:26:43 info: Java version installed on machine : 
java version "18.0.2.1" 2022-08-18
Java(TM) SE Runtime Environment (build 18.0.2.1+1-1)
Java HotSpot(TM) 64-Bit Server VM (build 18.0.2.1+1-1, mixed mode, sharing)

2025-07-08 20:26:43 info: Java installed on machine.
2025-07-08 20:27:40 info: Row(s) deleted
2025-07-08 20:27:40 info: Row(s) deleted
2025-07-08 20:27:41 info: Row(s) deleted
2025-07-08 20:27:41 info: Row(s) deleted
2025-07-08 20:27:41 info: Row(s) deleted
2025-07-08 20:27:41 info: Row(s) deleted
2025-07-08 20:27:41 info: Row(s) deleted
2025-07-08 20:27:41 info: Row(s) deleted
2025-07-08 20:27:41 info: Row(s) deleted
2025-07-08 20:28:55 info: Row(s) deleted
2025-07-08 20:29:24 info: Row(s) deleted
2025-07-08 20:29:25 info: Row(s) deleted
2025-07-08 20:30:15 info: Row(s) deleted
2025-07-08 20:30:17 info: Row(s) deleted
2025-07-08 20:32:55 info: Row(s) deleted
